<?xml version="1.0" encoding="UTF-8"?>
<!-- Generated by org.testng.reporters.JUnitXMLReporter -->
<testsuite ignored="0" hostname="TECHNO-555" failures="0" tests="4" name="APITests" time="0.056" errors="0" timestamp="2025-12-13T23:00:28 IST">
  <testcase classname="Tests.APITests" name="Userdata" time="0.011"/>
  <testcase classname="Tests.MobileTests" name="addMobileTests" time="0.006"/>
  <testcase classname="Tests.MobileTests" name="apkinstallation" time="0.001"/>
  <testcase classname="Tests.APITests" name="DataTest" time="0.001"/>
</testsuite> <!-- APITests -->
