<?xml version="1.0" encoding="UTF-8"?>
<!-- Generated by org.testng.reporters.JUnitXMLReporter -->
<testsuite ignored="0" hostname="TECHNO-555" failures="1" tests="6" name="Test" time="0.071" errors="0" timestamp="2025-12-13T22:19:33 IST">
  <testcase classname="Tests.WebUiTests" name="WebAutomate" time="0.011"/>
  <testcase classname="Tests.WebUiTests" name="webLogin" time="0.001"/>
  <testcase classname="Tests.APITests" name="Userdata" time="0.002"/>
  <testcase classname="Tests.MobileTests" name="addMobileTests" time="0.0">
    <failure type="org.testng.TestNGException" message="
Method void Tests.MobileTests.addMobileTests(java.lang.String,java.lang.String) requires a @DataProvider named : testUsersData">
      <![CDATA[org.testng.TestNGException: 
Method void Tests.MobileTests.addMobileTests(java.lang.String,java.lang.String) requires a @DataProvider named : testUsersData
at java.base/java.util.ArrayList.forEach(ArrayList.java:1596)
at java.base/java.util.concurrent.FutureTask.run(FutureTask.java:317)
at java.base/java.util.concurrent.ThreadPoolExecutor.runWorker(ThreadPoolExecutor.java:1144)
at java.base/java.util.concurrent.ThreadPoolExecutor$Worker.run(ThreadPoolExecutor.java:642)
at java.base/java.lang.Thread.run(Thread.java:1583)
... Removed 15 stack frames]]>
    </failure>
  </testcase> <!-- addMobileTests -->
  <testcase classname="Tests.MobileTests" name="apkinstallation" time="0.002"/>
  <testcase classname="Tests.APITests" name="DataTest" time="0.001"/>
</testsuite> <!-- Test -->
